2020-11-11T15:00:59+00:00 ERROR Error getting remote inbox notification data feed
2020-11-11T15:00:59+00:00 ERROR WP_Error Object
(
    [errors] => Array
        (
            [http_request_failed] => Array
                (
                    [0] => cURL error 6: Could not resolve host: woocommerce.com
                )

        )

    [error_data] => Array
        (
        )

)

2020-11-11T15:00:59+00:00 ERROR Error getting remote inbox notification data feed
2020-11-11T15:00:59+00:00 ERROR WP_Error Object
(
    [errors] => Array
        (
            [http_request_failed] => Array
                (
                    [0] => cURL error 6: Could not resolve host: woocommerce.com
                )

        )

    [error_data] => Array
        (
        )

)

2020-11-11T22:28:01+00:00 ERROR Error getting remote inbox notification data feed
2020-11-11T22:28:01+00:00 ERROR WP_Error Object
(
    [errors] => Array
        (
            [http_request_failed] => Array
                (
                    [0] => cURL error 6: Could not resolve host: woocommerce.com
                )

        )

    [error_data] => Array
        (
        )

)

2020-11-11T22:28:01+00:00 ERROR Error getting remote inbox notification data feed
2020-11-11T22:28:01+00:00 ERROR WP_Error Object
(
    [errors] => Array
        (
            [http_request_failed] => Array
                (
                    [0] => cURL error 6: Could not resolve host: woocommerce.com
                )

        )

    [error_data] => Array
        (
        )

)

2020-11-11T22:28:59+00:00 ERROR Error getting remote inbox notification data feed
2020-11-11T22:28:59+00:00 ERROR WP_Error Object
(
    [errors] => Array
        (
            [http_request_failed] => Array
                (
                    [0] => cURL error 6: Could not resolve host: woocommerce.com
                )

        )

    [error_data] => Array
        (
        )

)

2020-11-11T22:28:59+00:00 ERROR Error getting remote inbox notification data feed
2020-11-11T22:28:59+00:00 ERROR WP_Error Object
(
    [errors] => Array
        (
            [http_request_failed] => Array
                (
                    [0] => cURL error 6: Could not resolve host: woocommerce.com
                )

        )

    [error_data] => Array
        (
        )

)

